<?xml version="1.0" encoding="UTF-8"?>
<!-- Generated by org.testng.reporters.JUnitReportReporter -->
<testsuite hostname="8cb53858370b" failures="1" tests="2" name="uiappfeature.AmazonTestRunner" time="69.127" errors="0" timestamp="2025-03-05T03:54:53 GMT" skipped="0">
  <testcase classname="uiappfeature.AmazonTestRunner" name="runScenario" time="58.254">
    <failure message="expected [true] but found [false]" type="java.lang.AssertionError">
      <![CDATA[java.lang.AssertionError: expected [true] but found [false]
at org.testng.Assert.fail(Assert.java:110)
at org.testng.Assert.failNotEquals(Assert.java:1577)
at org.testng.Assert.assertEqualsImpl(Assert.java:149)
at org.testng.Assert.assertEquals(Assert.java:131)
at org.testng.Assert.assertEquals(Assert.java:1066)
at org.testng.Assert.assertEquals(Assert.java:1030)
at org.testng.Assert.assertEquals(Assert.java:1076)
at uiappfeature.HomePageSteps.page_title_should_have(HomePageSteps.java:32)
at âœ½.page title should have "Shopping"(file:///home/seleniumbddtestframework/src/test/resources/uiappfeature/Homepage.feature:5)
]]>
    </failure>
  </testcase> <!-- runScenario -->
  <system-out/>
  <testcase classname="uiappfeature.AmazonTestRunner" name="runScenario" time="10.873"/>
  <system-out/>
</testsuite> <!-- uiappfeature.AmazonTestRunner -->
