<?xml version="1.0" encoding="UTF-8"?>
<!-- Generated by org.testng.reporters.JUnitXMLReporter -->
<testsuite ignored="0" hostname="8cb53858370b" failures="1" tests="2" name="Test" time="75.073" errors="0" timestamp="2025-03-05T03:54:52 GMT">
  <testcase classname="io.cucumber.testng.AbstractTestNGCucumberTests" name="runScenario" time="58.254">
    <failure type="java.lang.AssertionError" message="expected [true] but found [false]">
      <![CDATA[java.lang.AssertionError: expected [true] but found [false]
at uiappfeature.HomePageSteps.page_title_should_have(HomePageSteps.java:32)
at âœ½.page title should have "Shopping"(file:///home/seleniumbddtestframework/src/test/resources/uiappfeature/Homepage.feature:5)
... Removed 7 stack frames]]>
    </failure>
  </testcase> <!-- runScenario -->
  <testcase classname="io.cucumber.testng.AbstractTestNGCucumberTests" name="runScenario" time="10.873"/>
</testsuite> <!-- Test -->
